#
# There is insufficient memory for the Java Runtime Environment to continue.
# Native memory allocation (malloc) failed to allocate 32752 bytes. Error detail: Chunk::new
# Possible reasons:
#   The system is out of physical RAM or swap space
#   This process is running with CompressedOops enabled, and the Java Heap may be blocking the growth of the native heap
# Possible solutions:
#   Reduce memory load on the system
#   Increase physical memory or swap space
#   Check if swap backing store is full
#   Decrease Java heap size (-Xmx/-Xms)
#   Decrease number of Java threads
#   Decrease Java thread stack sizes (-Xss)
#   Set larger code cache with -XX:ReservedCodeCacheSize=
#   JVM is running with Unscaled Compressed Oops mode in which the Java heap is
#     placed in the first 4GB address space. The Java Heap base address is the
#     maximum limit for the native heap growth. Please use -XX:HeapBaseMinAddress
#     to set the Java Heap base and to place the Java Heap above 4GB virtual address.
# This output file may be truncated or incomplete.
#
#  Out of Memory Error (arena.cpp:186), pid=8448, tid=11288
#
# JRE version: OpenJDK Runtime Environment Temurin-25.0.1+8 (25.0.1+8) (build 25.0.1+8-LTS)
# Java VM: OpenJDK 64-Bit Server VM Temurin-25.0.1+8 (25.0.1+8-LTS, mixed mode, sharing, tiered, compressed oops, compressed class ptrs, g1 gc, windows-amd64)
# No core dump will be written. Minidumps are not enabled by default on client versions of Windows
#

---------------  S U M M A R Y ------------

Command Line: -Dfile.encoding=UTF-8 --module-path=C:\Users\ACER\OneDrive\Documents\NetBeansProjects\Management\build\classes management.Management

Host: AMD Ryzen 5 5500U with Radeon Graphics         , 12 cores, 7G,  Windows 11 , 64 bit Build 26100 (10.0.26100.7309)
Time: Sun Dec 28 08:44:07 2025 SE Asia Standard Time elapsed time: 23.601570 seconds (0d 0h 0m 23s)

---------------  T H R E A D  ---------------

Current thread (0x000001f2accc1340):  JavaThread "C1 CompilerThread0" daemon [_thread_in_native, id=11288, stack(0x000000537d000000,0x000000537d100000) (1024K)]


Current CompileTask:
C1:23601 2376   !   3       java.awt.DefaultKeyboardFocusManager::dispatchEvent (1625 bytes)

Stack: [0x000000537d000000,0x000000537d100000]
Native frames: (J=compiled Java code, j=interpreted, Vv=VM code, C=native code)
V  [jvm.dll+0x7a8379]  (no source info available)
V  [jvm.dll+0x7729fd]  (no source info available)
V  [jvm.dll+0x9f57b3]  (no source info available)
V  [jvm.dll+0x9f7da1]  (no source info available)
V  [jvm.dll+0x9f84a3]  (no source info available)
V  [jvm.dll+0x2fcd26]  (no source info available)
V  [jvm.dll+0x111086]  (no source info available)
V  [jvm.dll+0x1113ae]  (no source info available)
V  [jvm.dll+0x1fdf5e]  (no source info available)
V  [jvm.dll+0x214952]  (no source info available)
V  [jvm.dll+0x1bdbd6]  (no source info available)
V  [jvm.dll+0x1bdea3]  (no source info available)
V  [jvm.dll+0x1be220]  (no source info available)
V  [jvm.dll+0x1bd561]  (no source info available)
V  [jvm.dll+0x1bf3ad]  (no source info available)
V  [jvm.dll+0x2cf386]  (no source info available)
V  [jvm.dll+0x2cd60a]  (no source info available)
V  [jvm.dll+0x48f64e]  (no source info available)
V  [jvm.dll+0x99630d]  (no source info available)
V  [jvm.dll+0x7a6955]  (no source info available)
C  [ucrtbase.dll+0x37b0]  (no source info available)
C  [KERNEL32.DLL+0x2e8d7]  (no source info available)
C  [ntdll.dll+0x8c53c]  (no source info available)

Lock stack of current Java thread (top to bottom):


---------------  P R O C E S S  ---------------

Threads class SMR info:
_java_thread_list=0x000001f2b6e716c0, length=17, elements={
0x000001f2acc54270, 0x000001f2acc54cd0, 0x000001f2acc57f80, 0x000001f2acc5af30,
0x000001f2acc7bb00, 0x000001f2acc81100, 0x000001f2acc81ff0, 0x000001f2accc1340,
0x000001f2b10a28a0, 0x000001f2b1179dc0, 0x000001f2b13fe250, 0x000001f2b172afb0,
0x000001f2b173b770, 0x000001f2b1428a40, 0x000001f28d690400, 0x000001f2b6b88250,
0x000001f2b6bb2c70
}

Java Threads: ( => current thread )
  0x000001f2acc54270 JavaThread "Reference Handler"          daemon [_thread_blocked, id=18128, stack(0x000000537c900000,0x000000537ca00000) (1024K)]
  0x000001f2acc54cd0 JavaThread "Finalizer"                  daemon [_thread_blocked, id=20908, stack(0x000000537ca00000,0x000000537cb00000) (1024K)]
  0x000001f2acc57f80 JavaThread "Signal Dispatcher"          daemon [_thread_blocked, id=2252, stack(0x000000537cb00000,0x000000537cc00000) (1024K)]
  0x000001f2acc5af30 JavaThread "Attach Listener"            daemon [_thread_blocked, id=13000, stack(0x000000537cc00000,0x000000537cd00000) (1024K)]
  0x000001f2acc7bb00 JavaThread "Service Thread"             daemon [_thread_blocked, id=18140, stack(0x000000537cd00000,0x000000537ce00000) (1024K)]
  0x000001f2acc81100 JavaThread "Monitor Deflation Thread"   daemon [_thread_blocked, id=4588, stack(0x000000537ce00000,0x000000537cf00000) (1024K)]
  0x000001f2acc81ff0 JavaThread "C2 CompilerThread0"         daemon [_thread_blocked, id=22672, stack(0x000000537cf00000,0x000000537d000000) (1024K)]
=>0x000001f2accc1340 JavaThread "C1 CompilerThread0"         daemon [_thread_in_native, id=11288, stack(0x000000537d000000,0x000000537d100000) (1024K)]
  0x000001f2b10a28a0 JavaThread "Common-Cleaner"             daemon [_thread_blocked, id=18996, stack(0x000000537d100000,0x000000537d200000) (1024K)]
  0x000001f2b1179dc0 JavaThread "Notification Thread"        daemon [_thread_blocked, id=13884, stack(0x000000537d200000,0x000000537d300000) (1024K)]
  0x000001f2b13fe250 JavaThread "Java2D Disposer"            daemon [_thread_blocked, id=20516, stack(0x000000537d300000,0x000000537d400000) (1024K)]
  0x000001f2b172afb0 JavaThread "AWT-Shutdown"                      [_thread_blocked, id=18280, stack(0x000000537d400000,0x000000537d500000) (1024K)]
  0x000001f2b173b770 JavaThread "AWT-Windows"                daemon [_thread_in_native, id=12456, stack(0x000000537d500000,0x000000537d600000) (1024K)]
  0x000001f2b1428a40 JavaThread "AWT-EventQueue-0"                  [_thread_blocked, id=11940, stack(0x000000537d600000,0x000000537d700000) (1024K)]
  0x000001f28d690400 JavaThread "DestroyJavaVM"                     [_thread_blocked, id=3628, stack(0x000000537c100000,0x000000537c200000) (1024K)]
  0x000001f2b6b88250 JavaThread "D3D Screen Updater"         daemon [_thread_in_native, id=14388, stack(0x000000537e200000,0x000000537e300000) (1024K)]
  0x000001f2b6bb2c70 JavaThread "TimerQueue"                 daemon [_thread_blocked, id=19064, stack(0x000000537e300000,0x000000537e400000) (1024K)]
Total: 17

Other Threads:
  0x000001f2acc41130 VMThread "VM Thread"                           [id=16488, stack(0x000000537c800000,0x000000537c900000) (1024K)]
  0x000001f2acb11cc0 WatcherThread "VM Periodic Task Thread"        [id=13440, stack(0x000000537c700000,0x000000537c800000) (1024K)]
  0x000001f28fbafbf0 WorkerThread "GC Thread#0"                     [id=15016, stack(0x000000537c200000,0x000000537c300000) (1024K)]
  0x000001f28fbc6d40 ConcurrentGCThread "G1 Main Marker"            [id=9648, stack(0x000000537c300000,0x000000537c400000) (1024K)]
  0x000001f28fbca5e0 WorkerThread "G1 Conc#0"                       [id=5568, stack(0x000000537c400000,0x000000537c500000) (1024K)]
  0x000001f2acb034a0 ConcurrentGCThread "G1 Refine#0"               [id=10700, stack(0x000000537c500000,0x000000537c600000) (1024K)]
  0x000001f2acb04500 ConcurrentGCThread "G1 Service"                [id=1632, stack(0x000000537c600000,0x000000537c700000) (1024K)]
Total: 7

Threads with active compile tasks:
C1 CompilerThread0  24647 2376   !   3       java.awt.DefaultKeyboardFocusManager::dispatchEvent (1625 bytes)
Total: 1

VM state: not at safepoint (normal execution)

VM Mutex/Monitor currently owned by a thread: None

Heap address: 0x000000008a800000, size: 1880 MB, Compressed Oops mode: 32-bit

CDS archive(s) mapped at: [0x000000000e000000-0x000000000edd0000-0x000000000edd0000), size 14483456, SharedBaseAddress: 0x000000000e000000, ArchiveRelocationMode: 1.
Compressed class space mapped at: 0x000000000f000000-0x000000004f000000, reserved size: 1073741824
UseCompressedClassPointers 1, UseCompactObjectHeaders 0
Narrow klass pointer bits 32, Max shift 3
Narrow klass base: 0x000000000e000000, Narrow klass shift: 0
Encoding Range: [0x000000000e000000 - 0x000000010e000000), (4294967296 bytes)
Klass Range:    [0x000000000e010000 - 0x000000004f000000), (1090453504 bytes)
Klass ID Range:  [65536 - 1090519033) (1090453497)
Protection zone: [0x000000000e000000 - 0x000000000e010000), (65536 bytes)

GC Precious Log:
 CardTable entry size: 512
 Card Set container configuration: InlinePtr #cards 5 size 8 Array Of Cards #cards 10 size 36 Howl #buckets 4 coarsen threshold 1843 Howl Bitmap #cards 512 size 80 coarsen threshold 460 Card regions per heap region 1 cards per card region 2048
 CPUs: 12 total, 12 available
 Memory: 7514M
 Large Page Support: Disabled
 NUMA Support: Disabled
 Compressed Oops: Enabled (32-bit)
 Heap Region Size: 1M
 Heap Min Capacity: 8M
 Heap Initial Capacity: 118M
 Heap Max Capacity: 1880M
 Pre-touch: Disabled
 Parallel Workers: 10
 Concurrent Workers: 3
 Concurrent Refinement Workers: 10
 Periodic GC: Disabled

Heap:
 garbage-first heap   total reserved 1925120K, committed 122880K, used 26771K [0x000000008a800000, 0x0000000100000000)
  region size 1024K, 26 young (26624K), 0 survivors (0K)

Heap Regions: E=young(eden), S=young(survivor), O=old, HS=humongous(starts), HC=humongous(continues), CS=collection set, F=free, TAMS=top-at-mark-start, PB=parsable bottom
|   0|0x000000008a800000, 0x000000008a800000, 0x000000008a900000|  0%| F|  |TAMS 0x000000008a800000| PB 0x000000008a800000| Untracked |  0
|   1|0x000000008a900000, 0x000000008a900000, 0x000000008aa00000|  0%| F|  |TAMS 0x000000008a900000| PB 0x000000008a900000| Untracked |  0
|   2|0x000000008aa00000, 0x000000008aa00000, 0x000000008ab00000|  0%| F|  |TAMS 0x000000008aa00000| PB 0x000000008aa00000| Untracked |  0
|   3|0x000000008ab00000, 0x000000008ab00000, 0x000000008ac00000|  0%| F|  |TAMS 0x000000008ab00000| PB 0x000000008ab00000| Untracked |  0
|   4|0x000000008ac00000, 0x000000008ac00000, 0x000000008ad00000|  0%| F|  |TAMS 0x000000008ac00000| PB 0x000000008ac00000| Untracked |  0
|   5|0x000000008ad00000, 0x000000008ad00000, 0x000000008ae00000|  0%| F|  |TAMS 0x000000008ad00000| PB 0x000000008ad00000| Untracked |  0
|   6|0x000000008ae00000, 0x000000008ae00000, 0x000000008af00000|  0%| F|  |TAMS 0x000000008ae00000| PB 0x000000008ae00000| Untracked |  0
|   7|0x000000008af00000, 0x000000008af00000, 0x000000008b000000|  0%| F|  |TAMS 0x000000008af00000| PB 0x000000008af00000| Untracked |  0
|   8|0x000000008b000000, 0x000000008b000000, 0x000000008b100000|  0%| F|  |TAMS 0x000000008b000000| PB 0x000000008b000000| Untracked |  0
|   9|0x000000008b100000, 0x000000008b100000, 0x000000008b200000|  0%| F|  |TAMS 0x000000008b100000| PB 0x000000008b100000| Untracked |  0
|  10|0x000000008b200000, 0x000000008b200000, 0x000000008b300000|  0%| F|  |TAMS 0x000000008b200000| PB 0x000000008b200000| Untracked |  0
|  11|0x000000008b300000, 0x000000008b300000, 0x000000008b400000|  0%| F|  |TAMS 0x000000008b300000| PB 0x000000008b300000| Untracked |  0
|  12|0x000000008b400000, 0x000000008b400000, 0x000000008b500000|  0%| F|  |TAMS 0x000000008b400000| PB 0x000000008b400000| Untracked |  0
|  13|0x000000008b500000, 0x000000008b500000, 0x000000008b600000|  0%| F|  |TAMS 0x000000008b500000| PB 0x000000008b500000| Untracked |  0
|  14|0x000000008b600000, 0x000000008b600000, 0x000000008b700000|  0%| F|  |TAMS 0x000000008b600000| PB 0x000000008b600000| Untracked |  0
|  15|0x000000008b700000, 0x000000008b700000, 0x000000008b800000|  0%| F|  |TAMS 0x000000008b700000| PB 0x000000008b700000| Untracked |  0
|  16|0x000000008b800000, 0x000000008b800000, 0x000000008b900000|  0%| F|  |TAMS 0x000000008b800000| PB 0x000000008b800000| Untracked |  0
|  17|0x000000008b900000, 0x000000008b900000, 0x000000008ba00000|  0%| F|  |TAMS 0x000000008b900000| PB 0x000000008b900000| Untracked |  0
|  18|0x000000008ba00000, 0x000000008ba00000, 0x000000008bb00000|  0%| F|  |TAMS 0x000000008ba00000| PB 0x000000008ba00000| Untracked |  0
|  19|0x000000008bb00000, 0x000000008bb00000, 0x000000008bc00000|  0%| F|  |TAMS 0x000000008bb00000| PB 0x000000008bb00000| Untracked |  0
|  20|0x000000008bc00000, 0x000000008bc00000, 0x000000008bd00000|  0%| F|  |TAMS 0x000000008bc00000| PB 0x000000008bc00000| Untracked |  0
|  21|0x000000008bd00000, 0x000000008bd00000, 0x000000008be00000|  0%| F|  |TAMS 0x000000008bd00000| PB 0x000000008bd00000| Untracked |  0
|  22|0x000000008be00000, 0x000000008be00000, 0x000000008bf00000|  0%| F|  |TAMS 0x000000008be00000| PB 0x000000008be00000| Untracked |  0
|  23|0x000000008bf00000, 0x000000008bf00000, 0x000000008c000000|  0%| F|  |TAMS 0x000000008bf00000| PB 0x000000008bf00000| Untracked |  0
|  24|0x000000008c000000, 0x000000008c000000, 0x000000008c100000|  0%| F|  |TAMS 0x000000008c000000| PB 0x000000008c000000| Untracked |  0
|  25|0x000000008c100000, 0x000000008c100000, 0x000000008c200000|  0%| F|  |TAMS 0x000000008c100000| PB 0x000000008c100000| Untracked |  0
|  26|0x000000008c200000, 0x000000008c200000, 0x000000008c300000|  0%| F|  |TAMS 0x000000008c200000| PB 0x000000008c200000| Untracked |  0
|  27|0x000000008c300000, 0x000000008c300000, 0x000000008c400000|  0%| F|  |TAMS 0x000000008c300000| PB 0x000000008c300000| Untracked |  0
|  28|0x000000008c400000, 0x000000008c400000, 0x000000008c500000|  0%| F|  |TAMS 0x000000008c400000| PB 0x000000008c400000| Untracked |  0
|  29|0x000000008c500000, 0x000000008c500000, 0x000000008c600000|  0%| F|  |TAMS 0x000000008c500000| PB 0x000000008c500000| Untracked |  0
|  30|0x000000008c600000, 0x000000008c600000, 0x000000008c700000|  0%| F|  |TAMS 0x000000008c600000| PB 0x000000008c600000| Untracked |  0
|  31|0x000000008c700000, 0x000000008c700000, 0x000000008c800000|  0%| F|  |TAMS 0x000000008c700000| PB 0x000000008c700000| Untracked |  0
|  32|0x000000008c800000, 0x000000008c800000, 0x000000008c900000|  0%| F|  |TAMS 0x000000008c800000| PB 0x000000008c800000| Untracked |  0
|  33|0x000000008c900000, 0x000000008c900000, 0x000000008ca00000|  0%| F|  |TAMS 0x000000008c900000| PB 0x000000008c900000| Untracked |  0
|  34|0x000000008ca00000, 0x000000008ca00000, 0x000000008cb00000|  0%| F|  |TAMS 0x000000008ca00000| PB 0x000000008ca00000| Untracked |  0
|  35|0x000000008cb00000, 0x000000008cb00000, 0x000000008cc00000|  0%| F|  |TAMS 0x000000008cb00000| PB 0x000000008cb00000| Untracked |  0
|  36|0x000000008cc00000, 0x000000008cc00000, 0x000000008cd00000|  0%| F|  |TAMS 0x000000008cc00000| PB 0x000000008cc00000| Untracked |  0
|  37|0x000000008cd00000, 0x000000008cd00000, 0x000000008ce00000|  0%| F|  |TAMS 0x000000008cd00000| PB 0x000000008cd00000| Untracked |  0
|  38|0x000000008ce00000, 0x000000008ce00000, 0x000000008cf00000|  0%| F|  |TAMS 0x000000008ce00000| PB 0x000000008ce00000| Untracked |  0
|  39|0x000000008cf00000, 0x000000008cf00000, 0x000000008d000000|  0%| F|  |TAMS 0x000000008cf00000| PB 0x000000008cf00000| Untracked |  0
|  40|0x000000008d000000, 0x000000008d000000, 0x000000008d100000|  0%| F|  |TAMS 0x000000008d000000| PB 0x000000008d000000| Untracked |  0
|  41|0x000000008d100000, 0x000000008d100000, 0x000000008d200000|  0%| F|  |TAMS 0x000000008d100000| PB 0x000000008d100000| Untracked |  0
|  42|0x000000008d200000, 0x000000008d200000, 0x000000008d300000|  0%| F|  |TAMS 0x000000008d200000| PB 0x000000008d200000| Untracked |  0
|  43|0x000000008d300000, 0x000000008d300000, 0x000000008d400000|  0%| F|  |TAMS 0x000000008d300000| PB 0x000000008d300000| Untracked |  0
|  44|0x000000008d400000, 0x000000008d400000, 0x000000008d500000|  0%| F|  |TAMS 0x000000008d400000| PB 0x000000008d400000| Untracked |  0
|  45|0x000000008d500000, 0x000000008d500000, 0x000000008d600000|  0%| F|  |TAMS 0x000000008d500000| PB 0x000000008d500000| Untracked |  0
|  46|0x000000008d600000, 0x000000008d600000, 0x000000008d700000|  0%| F|  |TAMS 0x000000008d600000| PB 0x000000008d600000| Untracked |  0
|  47|0x000000008d700000, 0x000000008d700000, 0x000000008d800000|  0%| F|  |TAMS 0x000000008d700000| PB 0x000000008d700000| Untracked |  0
|  48|0x000000008d800000, 0x000000008d800000, 0x000000008d900000|  0%| F|  |TAMS 0x000000008d800000| PB 0x000000008d800000| Untracked |  0
|  49|0x000000008d900000, 0x000000008d900000, 0x000000008da00000|  0%| F|  |TAMS 0x000000008d900000| PB 0x000000008d900000| Untracked |  0
|  50|0x000000008da00000, 0x000000008da00000, 0x000000008db00000|  0%| F|  |TAMS 0x000000008da00000| PB 0x000000008da00000| Untracked |  0
|  51|0x000000008db00000, 0x000000008db00000, 0x000000008dc00000|  0%| F|  |TAMS 0x000000008db00000| PB 0x000000008db00000| Untracked |  0
|  52|0x000000008dc00000, 0x000000008dc00000, 0x000000008dd00000|  0%| F|  |TAMS 0x000000008dc00000| PB 0x000000008dc00000| Untracked |  0
|  53|0x000000008dd00000, 0x000000008dd00000, 0x000000008de00000|  0%| F|  |TAMS 0x000000008dd00000| PB 0x000000008dd00000| Untracked |  0
|  54|0x000000008de00000, 0x000000008de00000, 0x000000008df00000|  0%| F|  |TAMS 0x000000008de00000| PB 0x000000008de00000| Untracked |  0
|  55|0x000000008df00000, 0x000000008df00000, 0x000000008e000000|  0%| F|  |TAMS 0x000000008df00000| PB 0x000000008df00000| Untracked |  0
|  56|0x000000008e000000, 0x000000008e000000, 0x000000008e100000|  0%| F|  |TAMS 0x000000008e000000| PB 0x000000008e000000| Untracked |  0
|  57|0x000000008e100000, 0x000000008e100000, 0x000000008e200000|  0%| F|  |TAMS 0x000000008e100000| PB 0x000000008e100000| Untracked |  0
|  58|0x000000008e200000, 0x000000008e200000, 0x000000008e300000|  0%| F|  |TAMS 0x000000008e200000| PB 0x000000008e200000| Untracked |  0
|  59|0x000000008e300000, 0x000000008e300000, 0x000000008e400000|  0%| F|  |TAMS 0x000000008e300000| PB 0x000000008e300000| Untracked |  0
|  60|0x000000008e400000, 0x000000008e400000, 0x000000008e500000|  0%| F|  |TAMS 0x000000008e400000| PB 0x000000008e400000| Untracked |  0
|  61|0x000000008e500000, 0x000000008e500000, 0x000000008e600000|  0%| F|  |TAMS 0x000000008e500000| PB 0x000000008e500000| Untracked |  0
|  62|0x000000008e600000, 0x000000008e600000, 0x000000008e700000|  0%| F|  |TAMS 0x000000008e600000| PB 0x000000008e600000| Untracked |  0
|  63|0x000000008e700000, 0x000000008e700000, 0x000000008e800000|  0%| F|  |TAMS 0x000000008e700000| PB 0x000000008e700000| Untracked |  0
|  64|0x000000008e800000, 0x000000008e800000, 0x000000008e900000|  0%| F|  |TAMS 0x000000008e800000| PB 0x000000008e800000| Untracked |  0
|  65|0x000000008e900000, 0x000000008e900000, 0x000000008ea00000|  0%| F|  |TAMS 0x000000008e900000| PB 0x000000008e900000| Untracked |  0
|  66|0x000000008ea00000, 0x000000008ea00000, 0x000000008eb00000|  0%| F|  |TAMS 0x000000008ea00000| PB 0x000000008ea00000| Untracked |  0
|  67|0x000000008eb00000, 0x000000008eb00000, 0x000000008ec00000|  0%| F|  |TAMS 0x000000008eb00000| PB 0x000000008eb00000| Untracked |  0
|  68|0x000000008ec00000, 0x000000008ec00000, 0x000000008ed00000|  0%| F|  |TAMS 0x000000008ec00000| PB 0x000000008ec00000| Untracked |  0
|  69|0x000000008ed00000, 0x000000008ed00000, 0x000000008ee00000|  0%| F|  |TAMS 0x000000008ed00000| PB 0x000000008ed00000| Untracked |  0
|  70|0x000000008ee00000, 0x000000008ee00000, 0x000000008ef00000|  0%| F|  |TAMS 0x000000008ee00000| PB 0x000000008ee00000| Untracked |  0
|  71|0x000000008ef00000, 0x000000008ef00000, 0x000000008f000000|  0%| F|  |TAMS 0x000000008ef00000| PB 0x000000008ef00000| Untracked |  0
|  72|0x000000008f000000, 0x000000008f000000, 0x000000008f100000|  0%| F|  |TAMS 0x000000008f000000| PB 0x000000008f000000| Untracked |  0
|  73|0x000000008f100000, 0x000000008f100000, 0x000000008f200000|  0%| F|  |TAMS 0x000000008f100000| PB 0x000000008f100000| Untracked |  0
|  74|0x000000008f200000, 0x000000008f200000, 0x000000008f300000|  0%| F|  |TAMS 0x000000008f200000| PB 0x000000008f200000| Untracked |  0
|  75|0x000000008f300000, 0x000000008f300000, 0x000000008f400000|  0%| F|  |TAMS 0x000000008f300000| PB 0x000000008f300000| Untracked |  0
|  76|0x000000008f400000, 0x000000008f400000, 0x000000008f500000|  0%| F|  |TAMS 0x000000008f400000| PB 0x000000008f400000| Untracked |  0
|  77|0x000000008f500000, 0x000000008f500000, 0x000000008f600000|  0%| F|  |TAMS 0x000000008f500000| PB 0x000000008f500000| Untracked |  0
|  78|0x000000008f600000, 0x000000008f600000, 0x000000008f700000|  0%| F|  |TAMS 0x000000008f600000| PB 0x000000008f600000| Untracked |  0
|  79|0x000000008f700000, 0x000000008f700000, 0x000000008f800000|  0%| F|  |TAMS 0x000000008f700000| PB 0x000000008f700000| Untracked |  0
|  80|0x000000008f800000, 0x000000008f800000, 0x000000008f900000|  0%| F|  |TAMS 0x000000008f800000| PB 0x000000008f800000| Untracked |  0
|  81|0x000000008f900000, 0x000000008f900000, 0x000000008fa00000|  0%| F|  |TAMS 0x000000008f900000| PB 0x000000008f900000| Untracked |  0
|  82|0x000000008fa00000, 0x000000008fa00000, 0x000000008fb00000|  0%| F|  |TAMS 0x000000008fa00000| PB 0x000000008fa00000| Untracked |  0
|  83|0x000000008fb00000, 0x000000008fb00000, 0x000000008fc00000|  0%| F|  |TAMS 0x000000008fb00000| PB 0x000000008fb00000| Untracked |  0
|  84|0x000000008fc00000, 0x000000008fc00000, 0x000000008fd00000|  0%| F|  |TAMS 0x000000008fc00000| PB 0x000000008fc00000| Untracked |  0
|  85|0x000000008fd00000, 0x000000008fd00000, 0x000000008fe00000|  0%| F|  |TAMS 0x000000008fd00000| PB 0x000000008fd00000| Untracked |  0
|  86|0x000000008fe00000, 0x000000008fe00000, 0x000000008ff00000|  0%| F|  |TAMS 0x000000008fe00000| PB 0x000000008fe00000| Untracked |  0
|  87|0x000000008ff00000, 0x000000008ff00000, 0x0000000090000000|  0%| F|  |TAMS 0x000000008ff00000| PB 0x000000008ff00000| Untracked |  0
|  88|0x0000000090000000, 0x0000000090000000, 0x0000000090100000|  0%| F|  |TAMS 0x0000000090000000| PB 0x0000000090000000| Untracked |  0
|  89|0x0000000090100000, 0x0000000090100000, 0x0000000090200000|  0%| F|  |TAMS 0x0000000090100000| PB 0x0000000090100000| Untracked |  0
|  90|0x0000000090200000, 0x0000000090200000, 0x0000000090300000|  0%| F|  |TAMS 0x0000000090200000| PB 0x0000000090200000| Untracked |  0
|  91|0x0000000090300000, 0x0000000090300000, 0x0000000090400000|  0%| F|  |TAMS 0x0000000090300000| PB 0x0000000090300000| Untracked |  0
|  92|0x0000000090400000, 0x0000000090500000, 0x0000000090500000|100%| E|  |TAMS 0x0000000090400000| PB 0x0000000090400000| Complete |  0
|  93|0x0000000090500000, 0x0000000090600000, 0x0000000090600000|100%| E|CS|TAMS 0x0000000090500000| PB 0x0000000090500000| Complete |  0
|  94|0x0000000090600000, 0x0000000090700000, 0x0000000090700000|100%| E|CS|TAMS 0x0000000090600000| PB 0x0000000090600000| Complete |  0
|  95|0x0000000090700000, 0x0000000090800000, 0x0000000090800000|100%| E|CS|TAMS 0x0000000090700000| PB 0x0000000090700000| Complete |  0
|  96|0x0000000090800000, 0x0000000090900000, 0x0000000090900000|100%| E|CS|TAMS 0x0000000090800000| PB 0x0000000090800000| Complete |  0
|  97|0x0000000090900000, 0x0000000090a00000, 0x0000000090a00000|100%| E|CS|TAMS 0x0000000090900000| PB 0x0000000090900000| Complete |  0
|  98|0x0000000090a00000, 0x0000000090b00000, 0x0000000090b00000|100%| E|CS|TAMS 0x0000000090a00000| PB 0x0000000090a00000| Complete |  0
|  99|0x0000000090b00000, 0x0000000090c00000, 0x0000000090c00000|100%| E|CS|TAMS 0x0000000090b00000| PB 0x0000000090b00000| Complete |  0
| 100|0x0000000090c00000, 0x0000000090d00000, 0x0000000090d00000|100%| E|CS|TAMS 0x0000000090c00000| PB 0x0000000090c00000| Complete |  0
| 101|0x0000000090d00000, 0x0000000090e00000, 0x0000000090e00000|100%| E|CS|TAMS 0x0000000090d00000| PB 0x0000000090d00000| Complete |  0
| 102|0x0000000090e00000, 0x0000000090f00000, 0x0000000090f00000|100%| E|CS|TAMS 0x0000000090e00000| PB 0x0000000090e00000| Complete |  0
| 103|0x0000000090f00000, 0x0000000091000000, 0x0000000091000000|100%| E|CS|TAMS 0x0000000090f00000| PB 0x0000000090f00000| Complete |  0
| 104|0x0000000091000000, 0x0000000091100000, 0x0000000091100000|100%| E|CS|TAMS 0x0000000091000000| PB 0x0000000091000000| Complete |  0
| 105|0x0000000091100000, 0x0000000091200000, 0x0000000091200000|100%| E|CS|TAMS 0x0000000091100000| PB 0x0000000091100000| Complete |  0
| 106|0x0000000091200000, 0x0000000091300000, 0x0000000091300000|100%| E|CS|TAMS 0x0000000091200000| PB 0x0000000091200000| Complete |  0
| 107|0x0000000091300000, 0x0000000091400000, 0x0000000091400000|100%| E|CS|TAMS 0x0000000091300000| PB 0x0000000091300000| Complete |  0
| 108|0x0000000091400000, 0x0000000091500000, 0x0000000091500000|100%| E|CS|TAMS 0x0000000091400000| PB 0x0000000091400000| Complete |  0
| 109|0x0000000091500000, 0x0000000091600000, 0x0000000091600000|100%| E|CS|TAMS 0x0000000091500000| PB 0x0000000091500000| Complete |  0
| 110|0x0000000091600000, 0x0000000091700000, 0x0000000091700000|100%| E|CS|TAMS 0x0000000091600000| PB 0x0000000091600000| Complete |  0
| 111|0x0000000091700000, 0x0000000091800000, 0x0000000091800000|100%| E|CS|TAMS 0x0000000091700000| PB 0x0000000091700000| Complete |  0
| 112|0x0000000091800000, 0x0000000091900000, 0x0000000091900000|100%| E|CS|TAMS 0x0000000091800000| PB 0x0000000091800000| Complete |  0
| 113|0x0000000091900000, 0x0000000091a00000, 0x0000000091a00000|100%| E|CS|TAMS 0x0000000091900000| PB 0x0000000091900000| Complete |  0
| 114|0x0000000091a00000, 0x0000000091b00000, 0x0000000091b00000|100%| E|CS|TAMS 0x0000000091a00000| PB 0x0000000091a00000| Complete |  0
| 115|0x0000000091b00000, 0x0000000091c00000, 0x0000000091c00000|100%| E|CS|TAMS 0x0000000091b00000| PB 0x0000000091b00000| Complete |  0
| 116|0x0000000091c00000, 0x0000000091d00000, 0x0000000091d00000|100%| E|CS|TAMS 0x0000000091c00000| PB 0x0000000091c00000| Complete |  0
| 117|0x0000000091d00000, 0x0000000091e00000, 0x0000000091e00000|100%| E|CS|TAMS 0x0000000091d00000| PB 0x0000000091d00000| Complete |  0
|1878|0x00000000ffe00000, 0x00000000fff00000, 0x00000000fff00000|100%| O|  |TAMS 0x00000000ffe00000| PB 0x00000000ffe00000| Untracked |  0
|1879|0x00000000fff00000, 0x00000000fff24ea8, 0x0000000100000000| 14%| O|  |TAMS 0x00000000fff00000| PB 0x00000000fff00000| Untracked |  0

Card table byte_map: [0x000001f2a7f50000,0x000001f2a8300000] _byte_map_base: 0x000001f2a7afc000

Marking Bits: (CMBitMap*) 0x000001f28fbb0380
 Bits: [0x000001f2a8300000, 0x000001f2aa060000)

Polling page: 0x000001f28d9b0000

Metaspace:
Metaspace        used 17513K, committed 17792K, reserved 1114112K
 class space     used 1591K, committed 1728K, reserved 1048576K

Usage:
  Non-class:     15.55 MB used.
      Class:      1.55 MB used.
       Both:     17.10 MB used.

Virtual space:
  Non-class space:       64.00 MB reserved,      15.69 MB ( 25%) committed,  1 nodes.
      Class space:        1.00 GB reserved,       1.69 MB ( <1%) committed,  1 nodes.
             Both:        1.06 GB reserved,      17.38 MB (  2%) committed. 

Chunk freelists:
   Non-Class:  171.00 KB
       Class:  14.24 MB
        Both:  14.41 MB

MaxMetaspaceSize: unlimited
CompressedClassSpaceSize: 1.00 GB
Initial GC threshold: 21.00 MB
Current GC threshold: 21.00 MB
CDS: on
 - commit_granule_bytes: 65536.
 - commit_granule_words: 8192.
 - virtual_space_node_default_size: 8388608.
 - enlarge_chunks_in_place: 1.
UseCompressedClassPointers 1, UseCompactObjectHeaders 0
Narrow klass pointer bits 32, Max shift 3
Narrow klass base: 0x000000000e000000, Narrow klass shift: 0
Encoding Range: [0x000000000e000000 - 0x000000010e000000), (4294967296 bytes)
Klass Range:    [0x000000000e010000 - 0x000000004f000000), (1090453504 bytes)
Klass ID Range:  [65536 - 1090519033) (1090453497)
Protection zone: [0x000000000e000000 - 0x000000000e010000), (65536 bytes)


Internal statistics:

num_allocs_failed_limit: 0.
num_arena_births: 170.
num_arena_deaths: 0.
num_vsnodes_births: 2.
num_vsnodes_deaths: 0.
num_space_committed: 278.
num_space_uncommitted: 0.
num_chunks_returned_to_freelist: 0.
num_chunks_taken_from_freelist: 307.
num_chunk_merges: 0.
num_chunk_splits: 178.
num_chunks_enlarged: 89.
num_inconsistent_stats: 0.

CodeHeap 'non-profiled nmethods': size=120064Kb used=621Kb max_used=621Kb free=119442Kb
 bounds [0x000001f2a0110000, 0x000001f2a0380000, 0x000001f2a7650000]
CodeHeap 'profiled nmethods': size=120000Kb used=3600Kb max_used=3600Kb free=116399Kb
 bounds [0x000001f298650000, 0x000001f2989e0000, 0x000001f29fb80000]
CodeHeap 'non-nmethods': size=5696Kb used=1641Kb max_used=1657Kb free=4054Kb
 bounds [0x000001f29fb80000, 0x000001f29fdf0000, 0x000001f2a0110000]
CodeCache: size=245760Kb, used=5862Kb, max_used=5878Kb, free=239895Kb
 total_blobs=3142, nmethods=2377, adapters=667, full_count=0
Compilation: enabled, stopped_count=0, restarted_count=0

Compilation events (20 events):
Event: 21.474 Thread 0x000001f2accc1340 2368       3       sun.java2d.pipe.BufferedPaints::setPaint (125 bytes)
Event: 21.474 Thread 0x000001f2accc1340 nmethod 2368 0x000001f2989d1108 code [0x000001f2989d1200, 0x000001f2989d20b0]
Event: 21.474 Thread 0x000001f2accc1340 2369   !   3       sun.awt.image.SurfaceManager::getManager (47 bytes)
Event: 21.475 Thread 0x000001f2accc1340 nmethod 2369 0x000001f2989d2108 code [0x000001f2989d2220, 0x000001f2989d2ad0]
Event: 21.475 Thread 0x000001f2accc1340 2370       3       java.awt.Image$1::getSurfaceManager (5 bytes)
Event: 21.475 Thread 0x000001f2accc1340 nmethod 2370 0x000001f2989d2b08 code [0x000001f2989d2c00, 0x000001f2989d2d10]
Event: 21.475 Thread 0x000001f2accc1340 2371       3       java.util.concurrent.locks.AbstractQueuedSynchronizer$Node::<init> (5 bytes)
Event: 21.475 Thread 0x000001f2accc1340 nmethod 2371 0x000001f2989d2e08 code [0x000001f2989d2f00, 0x000001f2989d3060]
Event: 21.593 Thread 0x000001f2accc1340 2372       3       java.awt.Component::repaint (16 bytes)
Event: 21.593 Thread 0x000001f2accc1340 nmethod 2372 0x000001f2989d3108 code [0x000001f2989d3200, 0x000001f2989d33e8]
Event: 21.594 Thread 0x000001f2accc1340 2373       3       java.awt.AWTKeyStroke::equals (64 bytes)
Event: 21.594 Thread 0x000001f2accc1340 nmethod 2373 0x000001f2989d3408 code [0x000001f2989d3500, 0x000001f2989d38e8]
Event: 21.595 Thread 0x000001f2accc1340 2374  s    3       java.beans.ChangeListenerMap::get (25 bytes)
Event: 21.595 Thread 0x000001f2accc1340 nmethod 2374 0x000001f2989d3908 code [0x000001f2989d3a00, 0x000001f2989d3e50]
Event: 21.595 Thread 0x000001f2accc1340 2375       3       java.beans.PropertyChangeSupport::fire (39 bytes)
Event: 21.595 Thread 0x000001f2accc1340 nmethod 2375 0x000001f2989d3e88 code [0x000001f2989d3f80, 0x000001f2989d4230]
Event: 21.596 Thread 0x000001f2accc1340 2376   !   3       java.awt.DefaultKeyboardFocusManager::dispatchEvent (1625 bytes)
Event: 21.598 Thread 0x000001f2acc81ff0 2385       4       jdk.internal.misc.Unsafe::getIntUnaligned (12 bytes)
Event: 21.598 Thread 0x000001f2acc81ff0 nmethod 2385 0x000001f2a01ab188 code [0x000001f2a01ab280, 0x000001f2a01ab308]
Event: 21.600 Thread 0x000001f2acc81ff0 2403       4       java.lang.StrictMath::floorOrCeil (128 bytes)

GC Heap Usage History (0 events):
No events

Metaspace Usage History (0 events):
No events

Dll operation events (10 events):
Event: 0.038 Loaded shared library C:\Program Files\Apache NetBeans\jdk\bin\java.dll
Event: 0.273 Loaded shared library C:\Program Files\Apache NetBeans\jdk\bin\net.dll
Event: 0.282 Loaded shared library C:\Program Files\Apache NetBeans\jdk\bin\nio.dll
Event: 0.357 Loaded shared library C:\Program Files\Apache NetBeans\jdk\bin\zip.dll
Event: 0.392 Loaded shared library C:\Program Files\Apache NetBeans\jdk\bin\jimage.dll
Event: 0.416 Loaded shared library C:\Program Files\Apache NetBeans\jdk\bin\awt.dll
Event: 1.233 Loaded shared library C:\Program Files\Apache NetBeans\jdk\bin\freetype.dll
Event: 1.236 Loaded shared library C:\Program Files\Apache NetBeans\jdk\bin\fontmanager.dll
Event: 8.987 Loaded shared library C:\Program Files\Apache NetBeans\jdk\bin\extnet.dll
Event: 9.521 Loaded shared library C:\Program Files\Apache NetBeans\jdk\bin\sunmscapi.dll

Deoptimization events (20 events):
Event: 19.355 Thread 0x000001f2b1428a40 Uncommon trap: trap_request=0xffffff45 fr.pc=0x000001f2a0177e50 relative=0x00000000000016d0
Event: 19.355 Thread 0x000001f2b1428a40 Uncommon trap: reason=unstable_if action=reinterpret pc=0x000001f2a0177e50 method=java.lang.String.<init>(Ljava/nio/charset/Charset;[BII)V @ 6 c2
Event: 19.355 Thread 0x000001f2b1428a40 DEOPT PACKING pc=0x000001f2a0177e50 sp=0x000000537d6fd7c0
Event: 19.355 Thread 0x000001f2b1428a40 DEOPT UNPACKING pc=0x000001f29fc09102 sp=0x000000537d6fd768 mode 2
Event: 19.363 Thread 0x000001f2b1428a40 Uncommon trap: trap_request=0xffffff5e fr.pc=0x000001f2a016ee50 relative=0x00000000000002d0
Event: 19.363 Thread 0x000001f2b1428a40 Uncommon trap: reason=speculate_class_check action=maybe_recompile pc=0x000001f2a016ee50 method=java.lang.invoke.VarHandleGuards.guard_LI_I(Ljava/lang/invoke/VarHandle;Ljava/lang/Object;ILjava/lang/invoke/VarHandle$AccessDescriptor;)I @ 2 c2
Event: 19.363 Thread 0x000001f2b1428a40 DEOPT PACKING pc=0x000001f2a016ee50 sp=0x000000537d6fdcc0
Event: 19.363 Thread 0x000001f2b1428a40 DEOPT UNPACKING pc=0x000001f29fc09102 sp=0x000000537d6fdc88 mode 2
Event: 19.457 Thread 0x000001f2b1428a40 Uncommon trap: trap_request=0xffffff45 fr.pc=0x000001f2a01837c0 relative=0x0000000000000140
Event: 19.457 Thread 0x000001f2b1428a40 Uncommon trap: reason=unstable_if action=reinterpret pc=0x000001f2a01837c0 method=java.lang.String.indexOf(I)I @ 4 c2
Event: 19.457 Thread 0x000001f2b1428a40 DEOPT PACKING pc=0x000001f2a01837c0 sp=0x000000537d6fdff0
Event: 19.457 Thread 0x000001f2b1428a40 DEOPT UNPACKING pc=0x000001f29fc09102 sp=0x000000537d6fdf90 mode 2
Event: 19.468 Thread 0x000001f2b1428a40 Uncommon trap: trap_request=0xffffff54 fr.pc=0x000001f2a016e5e4 relative=0x0000000000000064
Event: 19.468 Thread 0x000001f2b1428a40 Uncommon trap: reason=speculate_null_check action=make_not_entrant pc=0x000001f2a016e5e4 method=jdk.internal.misc.Unsafe.getIntUnaligned(Ljava/lang/Object;JZ)I @ 5 c2
Event: 19.468 Thread 0x000001f2b1428a40 DEOPT PACKING pc=0x000001f2a016e5e4 sp=0x000000537d6fd5b0
Event: 19.468 Thread 0x000001f2b1428a40 DEOPT UNPACKING pc=0x000001f29fc09102 sp=0x000000537d6fd508 mode 2
Event: 19.514 Thread 0x000001f2b1428a40 Uncommon trap: trap_request=0xffffff5e fr.pc=0x000001f2a016ee50 relative=0x00000000000002d0
Event: 19.514 Thread 0x000001f2b1428a40 Uncommon trap: reason=speculate_class_check action=maybe_recompile pc=0x000001f2a016ee50 method=java.lang.invoke.VarHandleGuards.guard_LI_I(Ljava/lang/invoke/VarHandle;Ljava/lang/Object;ILjava/lang/invoke/VarHandle$AccessDescriptor;)I @ 2 c2
Event: 19.514 Thread 0x000001f2b1428a40 DEOPT PACKING pc=0x000001f2a016ee50 sp=0x000000537d6fe190
Event: 19.514 Thread 0x000001f2b1428a40 DEOPT UNPACKING pc=0x000001f29fc09102 sp=0x000000537d6fe158 mode 2

Classes loaded (20 events):
Event: 19.532 Loading class java/awt/WaitDispatchSupport$4
Event: 19.532 Loading class java/awt/WaitDispatchSupport$4 done
Event: 19.532 Loading class java/awt/WaitDispatchSupport$1
Event: 19.532 Loading class java/awt/WaitDispatchSupport$1 done
Event: 19.533 Loading class java/awt/WaitDispatchSupport$2
Event: 19.533 Loading class java/awt/WaitDispatchSupport$2 done
Event: 19.547 Loading class sun/awt/image/BufImgSurfaceManager
Event: 19.547 Loading class sun/awt/image/BufImgSurfaceManager done
Event: 19.547 Loading class sun/awt/image/BufImgSurfaceData
Event: 19.549 Loading class sun/awt/image/BufImgSurfaceData done
Event: 19.549 Loading class sun/awt/image/BufImgSurfaceData$ICMColorData
Event: 19.549 Loading class sun/awt/image/BufImgSurfaceData$ICMColorData done
Event: 19.568 Loading class javax/swing/JMenuBar
Event: 19.570 Loading class javax/swing/MenuElement
Event: 19.570 Loading class javax/swing/MenuElement done
Event: 19.570 Loading class javax/swing/JMenuBar done
Event: 21.586 Loading class sun/awt/SunToolkit$1
Event: 21.586 Loading class sun/awt/SunToolkit$1 done
Event: 21.593 Loading class java/awt/Window$1DisposeAction
Event: 21.593 Loading class java/awt/Window$1DisposeAction done

Classes unloaded (0 events):
No events

Classes redefined (0 events):
No events

Internal exceptions (20 events):
Event: 8.732 Thread 0x000001f2b1428a40 Exception <a 'java/lang/NoSuchMethodError'{0x0000000090e41b00}: 'void java.lang.invoke.DirectMethodHandle$Holder.invokeStatic(java.lang.Object, java.lang.Object, java.lang.Object)'> (0x0000000090e41b00) 
thrown [s\src\hotspot\share\interpreter\linkResolver.cpp, line 804]
Event: 8.733 Thread 0x000001f2b1428a40 Exception <a 'java/lang/NoSuchMethodError'{0x0000000090e49ef8}: 'void java.lang.invoke.DirectMethodHandle$Holder.invokeStaticInit(java.lang.Object, java.lang.Object, java.lang.Object)'> (0x0000000090e49ef8) 
thrown [s\src\hotspot\share\interpreter\linkResolver.cpp, line 804]
Event: 8.822 Thread 0x000001f2b1428a40 Exception <a 'java/lang/NoSuchMethodError'{0x0000000090d4a480}: 'java.lang.Object java.lang.invoke.Invokers$Holder.invoke_MT(java.lang.Object, java.lang.Object, java.lang.Object, java.lang.Object, java.lang.Object, java.lang.Object)'> (0x0000000090d4a480) 
thrown [s\src\hotspot\share\interpreter\linkResolver.cpp, line 804]
Event: 8.833 Thread 0x000001f2b1428a40 Exception <a 'java/lang/NoSuchMethodError'{0x0000000090d53190}: 'java.lang.Object java.lang.invoke.DirectMethodHandle$Holder.invokeStatic(java.lang.Object, java.lang.Object, int)'> (0x0000000090d53190) 
thrown [s\src\hotspot\share\interpreter\linkResolver.cpp, line 804]
Event: 8.841 Thread 0x000001f2b1428a40 Exception <a 'java/lang/NoSuchMethodError'{0x0000000090d75628}: 'void java.lang.invoke.DelegatingMethodHandle$Holder.delegate(java.lang.Object, java.lang.Object, int, java.lang.Object)'> (0x0000000090d75628) 
thrown [s\src\hotspot\share\interpreter\linkResolver.cpp, line 804]
Event: 8.947 Thread 0x000001f2b1428a40 Exception <a 'java/lang/NoSuchMethodError'{0x0000000090ba7168}: 'java.lang.Object java.lang.invoke.DirectMethodHandle$Holder.invokeInterface(java.lang.Object, java.lang.Object)'> (0x0000000090ba7168) 
thrown [s\src\hotspot\share\interpreter\linkResolver.cpp, line 804]
Event: 9.005 Thread 0x000001f2b1428a40 Exception <a 'java/lang/NoSuchMethodError'{0x0000000090a8e710}: 'java.lang.Object java.lang.invoke.DirectMethodHandle$Holder.newInvokeSpecial(java.lang.Object, long)'> (0x0000000090a8e710) 
thrown [s\src\hotspot\share\interpreter\linkResolver.cpp, line 804]
Event: 9.072 Thread 0x000001f2b1428a40 Exception <a 'java/io/FileNotFoundException'{0x000000009093d188}> (0x000000009093d188) 
thrown [s\src\hotspot\share\prims\jni.cpp, line 516]
Event: 9.073 Thread 0x000001f2b1428a40 Exception <a 'java/io/FileNotFoundException'{0x000000009093e608}> (0x000000009093e608) 
thrown [s\src\hotspot\share\prims\jni.cpp, line 516]
Event: 9.073 Thread 0x000001f2b1428a40 Exception <a 'java/io/FileNotFoundException'{0x000000009093fa88}> (0x000000009093fa88) 
thrown [s\src\hotspot\share\prims\jni.cpp, line 516]
Event: 9.073 Thread 0x000001f2b1428a40 Exception <a 'java/io/FileNotFoundException'{0x0000000090940f40}> (0x0000000090940f40) 
thrown [s\src\hotspot\share\prims\jni.cpp, line 516]
Event: 9.177 Thread 0x000001f2b1428a40 Exception <a 'java/lang/NoSuchMethodError'{0x00000000909c7b48}: 'void java.lang.invoke.DirectMethodHandle$Holder.invokeStatic(java.lang.Object, java.lang.Object)'> (0x00000000909c7b48) 
thrown [s\src\hotspot\share\interpreter\linkResolver.cpp, line 804]
Event: 9.195 Thread 0x000001f2b1428a40 Exception <a 'java/lang/NoSuchMethodError'{0x00000000909dca08}: 'java.lang.Object java.lang.invoke.DirectMethodHandle$Holder.invokeVirtual(java.lang.Object, java.lang.Object, java.lang.Object, java.lang.Object)'> (0x00000000909dca08) 
thrown [s\src\hotspot\share\interpreter\linkResolver.cpp, line 804]
Event: 9.197 Thread 0x000001f2b1428a40 Exception <a 'java/lang/NoSuchMethodError'{0x00000000909f5b98}: 'java.lang.Object java.lang.invoke.Invokers$Holder.invokeExact_MT(java.lang.Object, java.lang.Object, java.lang.Object, java.lang.Object, java.lang.Object)'> (0x00000000909f5b98) 
thrown [s\src\hotspot\share\interpreter\linkResolver.cpp, line 804]
Event: 9.211 Thread 0x000001f2b1428a40 Exception <a 'java/lang/NoSuchMethodError'{0x0000000090811228}: 'java.lang.Object java.lang.invoke.DirectMethodHandle$Holder.invokeStaticInit(java.lang.Object, int, int, int, int)'> (0x0000000090811228) 
thrown [s\src\hotspot\share\interpreter\linkResolver.cpp, line 804]
Event: 9.338 Thread 0x000001f2b1428a40 Exception <a 'java/lang/NoSuchMethodError'{0x00000000908e49c8}: 'java.lang.Object java.lang.invoke.DirectMethodHandle$Holder.invokeStaticInit(java.lang.Object, java.lang.Object, int, int, int, int)'> (0x00000000908e49c8) 
thrown [s\src\hotspot\share\interpreter\linkResolver.cpp, line 804]
Event: 9.383 Thread 0x000001f2b1428a40 Exception <a 'sun/nio/fs/WindowsException'{0x000000009076f288}> (0x000000009076f288) 
thrown [s\src\hotspot\share\prims\jni.cpp, line 516]
Event: 19.359 Thread 0x000001f2b1428a40 Exception <a 'java/lang/NoSuchMethodError'{0x00000000905aa6b8}: 'java.lang.Object java.lang.invoke.DelegatingMethodHandle$Holder.reinvoke_L(java.lang.Object, java.lang.Object, int, int, int, java.lang.Object)'> (0x00000000905aa6b8) 
thrown [s\src\hotspot\share\interpreter\linkResolver.cpp, line 804]
Event: 19.366 Thread 0x000001f2b1428a40 Exception <a 'java/lang/NullPointerException'{0x00000000905dadb8}> (0x00000000905dadb8) 
thrown [s\src\hotspot\share\interpreter\linkResolver.cpp, line 1522]
Event: 19.530 Thread 0x000001f2b1428a40 Exception <a 'java/lang/NoSuchMethodError'{0x0000000090494ec8}: 'int java.lang.invoke.DirectMethodHandle$Holder.invokeStatic(java.lang.Object)'> (0x0000000090494ec8) 
thrown [s\src\hotspot\share\interpreter\linkResolver.cpp, line 804]

VM Operations (20 events):
Event: 1.101 Executing non-safepoint VM operation: HandshakeAllThreads (Deoptimize)
Event: 1.101 Executing non-safepoint VM operation: HandshakeAllThreads (Deoptimize) done
Event: 1.642 Executing non-safepoint VM operation: HandshakeAllThreads (Deoptimize)
Event: 1.642 Executing non-safepoint VM operation: HandshakeAllThreads (Deoptimize) done
Event: 1.709 Executing non-safepoint VM operation: HandshakeAllThreads (Deoptimize)
Event: 1.709 Executing non-safepoint VM operation: HandshakeAllThreads (Deoptimize) done
Event: 8.568 Executing non-safepoint VM operation: HandshakeAllThreads (Deoptimize)
Event: 8.568 Executing non-safepoint VM operation: HandshakeAllThreads (Deoptimize) done
Event: 8.612 Executing non-safepoint VM operation: HandshakeAllThreads (Deoptimize)
Event: 8.613 Executing non-safepoint VM operation: HandshakeAllThreads (Deoptimize) done
Event: 9.012 Executing non-safepoint VM operation: HandshakeAllThreads (Deoptimize)
Event: 9.012 Executing non-safepoint VM operation: HandshakeAllThreads (Deoptimize) done
Event: 9.387 Executing non-safepoint VM operation: HandshakeAllThreads (Deoptimize)
Event: 9.387 Executing non-safepoint VM operation: HandshakeAllThreads (Deoptimize) done
Event: 9.592 Executing non-safepoint VM operation: HandshakeAllThreads (Deoptimize)
Event: 9.592 Executing non-safepoint VM operation: HandshakeAllThreads (Deoptimize) done
Event: 9.599 Executing non-safepoint VM operation: HandshakeAllThreads (Deoptimize)
Event: 9.599 Executing non-safepoint VM operation: HandshakeAllThreads (Deoptimize) done
Event: 19.418 Executing non-safepoint VM operation: HandshakeAllThreads (Deoptimize)
Event: 19.418 Executing non-safepoint VM operation: HandshakeAllThreads (Deoptimize) done

Memory protections (0 events):
No events

Nmethod flushes (0 events):
No events

Events (20 events):
Event: 0.162 Thread 0x000001f28d690400 Thread added: 0x000001f2acc5af30
Event: 0.164 Thread 0x000001f28d690400 Thread added: 0x000001f2acc7bb00
Event: 0.164 Thread 0x000001f28d690400 Thread added: 0x000001f2acc81100
Event: 0.164 Thread 0x000001f28d690400 Thread added: 0x000001f2acc81ff0
Event: 0.166 Thread 0x000001f28d690400 Thread added: 0x000001f2accc1340
Event: 0.270 Thread 0x000001f28d690400 Thread added: 0x000001f2b10a28a0
Event: 0.345 Thread 0x000001f28d690400 Thread added: 0x000001f2b1179dc0
Event: 0.501 Thread 0x000001f28d690400 Thread added: 0x000001f2b13fe250
Event: 0.503 Thread 0x000001f28d690400 Thread added: 0x000001f2b172afb0
Event: 0.505 Thread 0x000001f28d690400 Thread added: 0x000001f2b173b770
Event: 0.536 Thread 0x000001f28d690400 Thread added: 0x000001f2b1428a40
Event: 0.537 Thread 0x000001f28d690400 Thread exited: 0x000001f28d690400
Event: 0.537 Thread 0x000001f28d690400 Thread added: 0x000001f28d690400
Event: 1.612 Thread 0x000001f2b1428a40 Thread added: 0x000001f2b6b88250
Event: 1.770 Thread 0x000001f2b1428a40 Thread added: 0x000001f2b6bb2c70
Event: 8.695 Thread 0x000001f2acc81ff0 Thread added: 0x000001f2b1836870
Event: 9.128 Thread 0x000001f2b1836870 Thread exited: 0x000001f2b1836870
Event: 9.718 Thread 0x000001f2accc1340 Thread added: 0x000001f2b1837080
Event: 10.650 Thread 0x000001f2b1837080 Thread exited: 0x000001f2b1837080
Event: 19.436 Thread 0x000001f2b1428a40 Thread added: 0x000001f2b77cf2c0


Dynamic libraries:
0x00007ff7c0f90000 - 0x00007ff7c0f9e000 	C:\Program Files\Apache NetBeans\jdk\bin\java.exe
0x00007ffc35ae0000 - 0x00007ffc35d47000 	C:\WINDOWS\SYSTEM32\ntdll.dll
0x00007ffc34930000 - 0x00007ffc349f9000 	C:\WINDOWS\System32\KERNEL32.DLL
0x00007ffc32f80000 - 0x00007ffc3336f000 	C:\WINDOWS\System32\KERNELBASE.dll
0x00007ffc33500000 - 0x00007ffc3364b000 	C:\WINDOWS\System32\ucrtbase.dll
0x00007ffc24e00000 - 0x00007ffc24e16000 	C:\Program Files\Apache NetBeans\jdk\bin\jli.dll
0x00007ffc34ac0000 - 0x00007ffc34c85000 	C:\WINDOWS\System32\USER32.dll
0x00007ffc32d60000 - 0x00007ffc32d87000 	C:\WINDOWS\System32\win32u.dll
0x00007ffc34e10000 - 0x00007ffc34e3b000 	C:\WINDOWS\System32\GDI32.dll
0x00007ffc32c30000 - 0x00007ffc32d5c000 	C:\WINDOWS\System32\gdi32full.dll
0x00007ffc32d90000 - 0x00007ffc32e33000 	C:\WINDOWS\System32\msvcp_win.dll
0x00007ffc2b6a0000 - 0x00007ffc2b6be000 	C:\Program Files\Apache NetBeans\jdk\bin\VCRUNTIME140.dll
0x00007ffc1ff40000 - 0x00007ffc201d3000 	C:\WINDOWS\WinSxS\amd64_microsoft.windows.common-controls_6595b64144ccf1df_6.0.26100.7309_none_3e05feeae336a044\COMCTL32.dll
0x00007ffc34a10000 - 0x00007ffc34ab9000 	C:\WINDOWS\System32\msvcrt.dll
0x00007ffc33fe0000 - 0x00007ffc34011000 	C:\WINDOWS\System32\IMM32.DLL
0x00007ffc2fda0000 - 0x00007ffc2fdac000 	C:\Program Files\Apache NetBeans\jdk\bin\vcruntime140_1.dll
0x00007ffbf0db0000 - 0x00007ffbf0e3d000 	C:\Program Files\Apache NetBeans\jdk\bin\msvcp140.dll
0x00007ffb63220000 - 0x00007ffb64146000 	C:\Program Files\Apache NetBeans\jdk\bin\server\jvm.dll
0x00007ffc342b0000 - 0x00007ffc34364000 	C:\WINDOWS\System32\ADVAPI32.dll
0x00007ffc34020000 - 0x00007ffc340c6000 	C:\WINDOWS\System32\sechost.dll
0x00007ffc35250000 - 0x00007ffc35368000 	C:\WINDOWS\System32\RPCRT4.dll
0x00007ffc34230000 - 0x00007ffc342a4000 	C:\WINDOWS\System32\WS2_32.dll
0x00007ffc32ab0000 - 0x00007ffc32b0e000 	C:\WINDOWS\SYSTEM32\POWRPROF.dll
0x00007ffc2a1a0000 - 0x00007ffc2a1d5000 	C:\WINDOWS\SYSTEM32\WINMM.dll
0x00007ffc2a250000 - 0x00007ffc2a25b000 	C:\WINDOWS\SYSTEM32\VERSION.dll
0x00007ffc32a90000 - 0x00007ffc32aa4000 	C:\WINDOWS\SYSTEM32\UMPDC.dll
0x00007ffc319e0000 - 0x00007ffc319fb000 	C:\WINDOWS\SYSTEM32\kernel.appcore.dll
0x00007ffc2d050000 - 0x00007ffc2d05a000 	C:\Program Files\Apache NetBeans\jdk\bin\jimage.dll
0x00007ffc201e0000 - 0x00007ffc20422000 	C:\WINDOWS\SYSTEM32\DBGHELP.DLL
0x00007ffc34510000 - 0x00007ffc34895000 	C:\WINDOWS\System32\combase.dll
0x00007ffc34370000 - 0x00007ffc34446000 	C:\WINDOWS\System32\OLEAUT32.dll
0x00007ffc12330000 - 0x00007ffc1236c000 	C:\WINDOWS\SYSTEM32\dbgcore.DLL
0x00007ffc32e40000 - 0x00007ffc32ee5000 	C:\WINDOWS\System32\bcryptPrimitives.dll
0x00007ffc25750000 - 0x00007ffc2576e000 	C:\Program Files\Apache NetBeans\jdk\bin\java.dll
0x00007ffc35800000 - 0x00007ffc35997000 	C:\WINDOWS\System32\ole32.dll
0x00007ffc33880000 - 0x00007ffc33fd3000 	C:\WINDOWS\System32\SHELL32.dll
0x00007ffc33650000 - 0x00007ffc337ba000 	C:\WINDOWS\System32\wintypes.dll
0x00007ffc30870000 - 0x00007ffc310ce000 	C:\WINDOWS\SYSTEM32\windows.storage.dll
0x00007ffc34c90000 - 0x00007ffc34d85000 	C:\WINDOWS\System32\SHCORE.dll
0x00007ffc34d90000 - 0x00007ffc34df6000 	C:\WINDOWS\System32\shlwapi.dll
0x00007ffc32b20000 - 0x00007ffc32b49000 	C:\WINDOWS\SYSTEM32\profapi.dll
0x00007ffc24de0000 - 0x00007ffc24df1000 	C:\Program Files\Apache NetBeans\jdk\bin\net.dll
0x00007ffc31f50000 - 0x00007ffc31fbb000 	C:\WINDOWS\system32\mswsock.dll
0x00007ffc22610000 - 0x00007ffc22626000 	C:\Program Files\Apache NetBeans\jdk\bin\nio.dll
0x00007ffc24dc0000 - 0x00007ffc24dd7000 	C:\Program Files\Apache NetBeans\jdk\bin\zip.dll
0x00007ffbe68b0000 - 0x00007ffbe6a30000 	C:\Program Files\Apache NetBeans\jdk\bin\awt.dll
0x00007ffc2fe20000 - 0x00007ffc2febf000 	C:\WINDOWS\SYSTEM32\apphelp.dll
0x00007ffc2ff30000 - 0x00007ffc2ffdb000 	C:\WINDOWS\system32\uxtheme.dll
0x00007ffc34e40000 - 0x00007ffc34f9e000 	C:\WINDOWS\System32\MSCTF.dll
0x00007ffc301c0000 - 0x00007ffc301f0000 	C:\WINDOWS\system32\DWMAPI.DLL
0x00007ffbe5db0000 - 0x00007ffbe5ec0000 	C:\WINDOWS\system32\opengl32.dll
0x00007ffbed700000 - 0x00007ffbed72d000 	C:\WINDOWS\SYSTEM32\GLU32.dll
0x00007ffc30010000 - 0x00007ffc30054000 	C:\WINDOWS\SYSTEM32\dxcore.dll
0x00007ffc250d0000 - 0x00007ffc25283000 	C:\WINDOWS\system32\d3d9.dll
0x00007ffc2a260000 - 0x00007ffc2a43b000 	C:\WINDOWS\System32\DriverStore\FileRepository\u0371182.inf_amd64_e046f8d87ec91fad\B371034\aticfx64.dll
0x00007ffc2a700000 - 0x00007ffc2a733000 	C:\WINDOWS\System32\DriverStore\FileRepository\u0371182.inf_amd64_e046f8d87ec91fad\B371034\atiu9p64.dll
0x00007ffb5e200000 - 0x00007ffb5ef0c000 	C:\WINDOWS\System32\DriverStore\FileRepository\u0371182.inf_amd64_e046f8d87ec91fad\B371034\atiumd64.dll
0x000000005cd30000 - 0x000000005dbee000 	C:\WINDOWS\System32\DriverStore\FileRepository\u0371182.inf_amd64_e046f8d87ec91fad\B371034\atiumd6a.dll
0x00007ffc32b50000 - 0x00007ffc32b7a000 	C:\WINDOWS\SYSTEM32\bcrypt.dll
0x00007ffc274e0000 - 0x00007ffc2750f000 	C:\WINDOWS\SYSTEM32\amdihk64.dll
0x00007ffc2d3f0000 - 0x00007ffc2d453000 	C:\WINDOWS\SYSTEM32\directxdatabasehelper.dll
0x00007ffc327a0000 - 0x00007ffc327f7000 	C:\WINDOWS\SYSTEM32\cfgmgr32.dll
0x00007ffbe6820000 - 0x00007ffbe68a7000 	C:\Program Files\Apache NetBeans\jdk\bin\freetype.dll
0x00007ffb7b1d0000 - 0x00007ffb7b2bf000 	C:\Program Files\Apache NetBeans\jdk\bin\fontmanager.dll
0x00007ffc34450000 - 0x00007ffc34500000 	C:\WINDOWS\System32\clbcatq.dll
0x00007ffc2e110000 - 0x00007ffc2e340000 	C:\WINDOWS\SYSTEM32\WindowsCodecs.dll
0x00007ffc12ef0000 - 0x00007ffc12f4a000 	C:\WINDOWS\system32\dataexchange.dll
0x00007ffc26960000 - 0x00007ffc26ba4000 	C:\WINDOWS\system32\twinapi.appcore.dll
0x00007ffc0e000000 - 0x00007ffc0e148000 	C:\WINDOWS\SYSTEM32\textinputframework.dll
0x00007ffc2f610000 - 0x00007ffc2f737000 	C:\WINDOWS\SYSTEM32\CoreMessaging.dll
0x00007ffc2b6f0000 - 0x00007ffc2b9d2000 	C:\WINDOWS\SYSTEM32\CoreUIComponents.dll
0x00007ffc32230000 - 0x00007ffc3223c000 	C:\WINDOWS\SYSTEM32\CRYPTBASE.DLL
0x00007ffc22600000 - 0x00007ffc22609000 	C:\Program Files\Apache NetBeans\jdk\bin\extnet.dll
0x00007ffc09210000 - 0x00007ffc09228000 	C:\WINDOWS\system32\napinsp.dll
0x00007ffc313f0000 - 0x00007ffc3151c000 	C:\WINDOWS\SYSTEM32\DNSAPI.dll
0x00007ffc313b0000 - 0x00007ffc313e4000 	C:\WINDOWS\SYSTEM32\IPHLPAPI.DLL
0x00007ffc34100000 - 0x00007ffc3410a000 	C:\WINDOWS\System32\NSI.dll
0x00007ffbfebe0000 - 0x00007ffbfebf2000 	C:\WINDOWS\System32\winrnr.dll
0x00007ffc2ac20000 - 0x00007ffc2ac42000 	C:\WINDOWS\system32\nlansp_c.dll
0x00007ffc2abe0000 - 0x00007ffc2abf6000 	C:\WINDOWS\system32\wshbth.dll
0x00007ffc2a1e0000 - 0x00007ffc2a1eb000 	C:\Windows\System32\rasadhlp.dll
0x00007ffc278e0000 - 0x00007ffc27966000 	C:\WINDOWS\System32\fwpuclnt.dll
0x00007ffc32210000 - 0x00007ffc3222b000 	C:\WINDOWS\SYSTEM32\CRYPTSP.dll
0x00007ffc31940000 - 0x00007ffc3197a000 	C:\WINDOWS\system32\rsaenh.dll
0x00007ffc32000000 - 0x00007ffc3202b000 	C:\WINDOWS\SYSTEM32\USERENV.dll
0x00007ffc2fdb0000 - 0x00007ffc2fdbe000 	C:\Program Files\Apache NetBeans\jdk\bin\sunmscapi.dll
0x00007ffc33380000 - 0x00007ffc334f7000 	C:\WINDOWS\System32\CRYPT32.dll
0x00007ffc32430000 - 0x00007ffc32460000 	C:\WINDOWS\SYSTEM32\ncrypt.dll
0x00007ffc323e0000 - 0x00007ffc3241f000 	C:\WINDOWS\SYSTEM32\NTASN1.dll

JVMTI agents: none

dbghelp: loaded successfully - version: 4.0.5 - missing functions: none
symbol engine: initialized successfully - sym options: 0x614 - pdb path: .;C:\Program Files\Apache NetBeans\jdk\bin;C:\WINDOWS\SYSTEM32;C:\WINDOWS\WinSxS\amd64_microsoft.windows.common-controls_6595b64144ccf1df_6.0.26100.7309_none_3e05feeae336a044;C:\Program Files\Apache NetBeans\jdk\bin\server;C:\WINDOWS\System32\DriverStore\FileRepository\u0371182.inf_amd64_e046f8d87ec91fad\B371034

VM Arguments:
jvm_args: -Dfile.encoding=UTF-8 --module-path=C:\Users\ACER\OneDrive\Documents\NetBeansProjects\Management\build\classes 
java_command: management.Management
java_class_path (initial): C:\Users\ACER\Downloads\sqljdbc_13.2.1.0_enu\sqljdbc_13.2\enu\jars\mssql-jdbc-13.2.1.jre11.jar;C:\Users\ACER\OneDrive\Documents\NetBeansProjects\Management\build\classes
Launcher Type: SUN_STANDARD

[Global flags]
     intx CICompilerCount                          = 4                                         {product} {ergonomic}
     uint ConcGCThreads                            = 3                                         {product} {ergonomic}
     uint G1ConcRefinementThreads                  = 10                                        {product} {ergonomic}
   size_t G1HeapRegionSize                         = 1048576                                   {product} {ergonomic}
   size_t InitialHeapSize                          = 123731968                                 {product} {ergonomic}
   size_t MarkStackSize                            = 4194304                                   {product} {ergonomic}
   size_t MarkStackSizeMax                         = 536870912                                 {product} {ergonomic}
   size_t MaxHeapSize                              = 1971322880                                {product} {ergonomic}
   size_t MaxNewSize                               = 1182793728                                {product} {ergonomic}
   size_t MinHeapDeltaBytes                        = 1048576                                   {product} {ergonomic}
   size_t MinHeapSize                              = 8388608                                   {product} {ergonomic}
    uintx NonNMethodCodeHeapSize                   = 5832704                                {pd product} {ergonomic}
    uintx NonProfiledCodeHeapSize                  = 122945536                              {pd product} {ergonomic}
    uintx ProfiledCodeHeapSize                     = 122880000                              {pd product} {ergonomic}
    uintx ReservedCodeCacheSize                    = 251658240                              {pd product} {ergonomic}
     bool SegmentedCodeCache                       = true                                      {product} {ergonomic}
   size_t SoftMaxHeapSize                          = 1971322880                             {manageable} {ergonomic}
     bool UseCompressedOops                        = true                           {product lp64_product} {ergonomic}
     bool UseG1GC                                  = true                                      {product} {ergonomic}
     bool UseLargePagesIndividualAllocation        = false                                  {pd product} {ergonomic}

Logging:
Log output configuration:
 #0: stdout all=warning uptime,level,tags foldmultilines=false
 #1: stderr all=off uptime,level,tags foldmultilines=false

Release file:
IMPLEMENTOR="Eclipse Adoptium" 
IMPLEMENTOR_VERSION="Temurin-25.0.1+8" 
JAVA_RUNTIME_VERSION="25.0.1+8-LTS" 
JAVA_VERSION="25.0.1" 
JAVA_VERSION_DATE="2025-10-21" 
LIBC="default" 
MODULES="java.base java.compiler java.datatransfer java.xml java.prefs java.desktop java.instrument java.logging java.management java.security.sasl java.naming java.rmi java.management.rmi java.net.http java.scripting java.security.jgss java.transaction.xa java.sql java.sql.rowset java.xml.crypto java.se java.smartcardio jdk.accessibility jdk.internal.jvmstat jdk.attach jdk.charsets jdk.internal.opt jdk.zipfs jdk.compiler jdk.crypto.cryptoki jdk.crypto.ec jdk.crypto.mscapi jdk.dynalink jdk.internal.ed jdk.editpad jdk.internal.vm.ci jdk.graal.compiler jdk.graal.compiler.management jdk.hotspot.agent jdk.httpserver jdk.incubator.vector jdk.internal.le jdk.internal.md jdk.jartool jdk.javadoc jdk.jcmd jdk.management jdk.management.agent jdk.jconsole jdk.jdeps jdk.jdwp.agent jdk.jdi jdk.jfr jdk.jlink jdk.jpackage jdk.jshell jdk.jsobject jdk.jstatd jdk.localedata jdk.management.jfr jdk.naming.dns jdk.naming.rmi jdk.net jdk.nio.mapmode jdk.sctp jdk.security.auth jdk.security.jgss jdk.unsupported jdk.unsupported.desktop jdk.xml.dom" 
OS_ARCH="x86_64" 
OS_NAME="Windows" 
SOURCE=".:git:61d6a2c1b35e" 
BUILD_SOURCE="git:839fa0b45d809157cffd3dc8515aad262a4a1776"
BUILD_SOURCE_REPO="https://github.com/adoptium/temurin-build.git"
SOURCE_REPO="https://github.com/adoptium/jdk25u.git"
FULL_VERSION="25.0.1+8-LTS"
SEMANTIC_VERSION="25.0.1+8"
BUILD_INFO="OS: Windows Server 2022 Version: 10.0"
JVM_VARIANT="Hotspot"
JVM_VERSION="25.0.1+8-LTS"
IMAGE_TYPE="JDK"

Environment Variables:
PATH=C:\Program Files\Common Files\Oracle\Java\javapath;C:\ProgramData\Oracle\Java\javapath;C:\Windows\system32;C:\Windows;C:\Windows\System32\Wbem;C:\Windows\System32\WindowsPowerShell\v1.0\;C:\Windows\System32\OpenSSH\;C:\Program Files (x86)\NVIDIA Corporation\PhysX\Common;C:\WINDOWS\system32;C:\WINDOWS;C:\WINDOWS\System32\Wbem;C:\WINDOWS\System32\WindowsPowerShell\v1.0\;C:\WINDOWS\System32\OpenSSH\;C:\Program Files\dotnet\;C:\Program Files\Java\jdk-25\bin;C:\msys64\ucrt64\bin;C:\Program Files (x86)\Microsoft SQL Server\160\Tools\Binn\;C:\Program Files\Microsoft SQL Server\160\Tools\Binn\;C:\Program Files\Microsoft SQL Server\Client SDK\ODBC\170\Tools\Binn\;C:\Program Files\Microsoft SQL Server\160\DTS\Binn\;C:\Users\ACER\AppData\Local\Microsoft\WindowsApps;C:\Users\ACER\.dotnet\tools;C:\Users\ACER\AppData\Local\Programs\Microsoft VS Code\bin;C:\Users\ACER\AppData\Local\Programs\Python\Python314;
USERNAME=ACER
OS=Windows_NT
PROCESSOR_IDENTIFIER=AMD64 Family 23 Model 104 Stepping 1, AuthenticAMD
TMP=C:\Users\ACER\AppData\Local\Temp
TEMP=C:\Users\ACER\AppData\Local\Temp




Compilation memory statistics disabled.

Periodic native trim disabled

---------------  S Y S T E M  ---------------

OS:
 Windows 11 , 64 bit Build 26100 (10.0.26100.7309)
OS uptime: 0 days 15:39 hours

CPU: total 12 (initial active 12) (12 cores per cpu, 2 threads per core) family 23 model 104 stepping 1 microcode 0x8608103, cx8, cmov, fxsr, ht, mmx, 3dnowpref, sse, sse2, sse3, ssse3, sse4a, sse4.1, sse4.2, popcnt, lzcnt, tsc, tscinvbit, avx, avx2, aes, clmul, bmi1, bmi2, adx, sha, fma, vzeroupper, clflush, clflushopt, clwb, rdtscp, rdpid, f16c
Processor Information for the first 12 processors :
  Max Mhz: 2100, Current Mhz: 2100, Mhz Limit: 2100

Memory: 4k page, system-wide physical 7514M (1458M free)
TotalPageFile size 28764M (AvailPageFile size 0M)
current process WorkingSet (physical memory assigned to process): 131M, peak: 140M
current process commit charge ("private bytes"): 279M, peak: 299M

vm_info: OpenJDK 64-Bit Server VM (25.0.1+8-LTS) for windows-amd64 JRE (25.0.1+8-LTS), built on 2025-10-21T00:00:00Z with unknown MS VC++:1942

END.
